{
  "meta": {
    "version": "7.2.2",
    "timestamp": "2023-06-08T19:07:34.325487",
    "branch_coverage": false,
    "show_contexts": false
  },
  "files": {
    "main.py": {
      "executed_lines": [
        9,
        10,
        11,
        30,
        32,
        33,
        34,
        36,
        37,
        38,
        40,
        46,
        47
      ],
      "summary": {
        "covered_lines": 13,
        "num_statements": 34,
        "percent_covered": 38.23529411764706,
        "percent_covered_display": "38",
        "missing_lines": 21,
        "excluded_lines": 0
      },
      "missing_lines": [
        1,
        2,
        3,
        4,
        5,
        7,
        8,
        12,
        13,
        14,
        15,
        17,
        21,
        22,
        25,
        50,
        53,
        54,
        55,
        56,
        57
      ],
      "excluded_lines": []
    }
  },
  "totals": {
    "covered_lines": 13,
    "num_statements": 34,
    "percent_covered": 38.23529411764706,
    "percent_covered_display": "38",
    "missing_lines": 21,
    "excluded_lines": 0
  }
}